2023-05-21 16:41:34.428 [INFO] pid[7496]: http server started listening on [:10001]
2023-05-21 16:41:34.428 [INFO] {e0c0ed24f91b61174d3da76cff4895cd} swagger ui is serving at address: http://127.0.0.1:10001/swagger/
2023-05-21 16:41:34.428 [INFO] {e0c0ed24f91b61174d3da76cff4895cd} openapi specification is serving at address: http://127.0.0.1:10001/api.json

  ADDRESS | METHOD |        ROUTE        |                               HANDLER                                |    MIDDLEWARE      
----------|--------|---------------------|----------------------------------------------------------------------|--------------------
  :10001  | ALL    | /                   | chat-go/internal.glob..func1.1.1                                     |                    
----------|--------|---------------------|----------------------------------------------------------------------|--------------------
  :10001  | ALL    | /*                  | github.com/gogf/gf/v2/net/ghttp.internalMiddlewareServerTracing      | GLOBAL MIDDLEWARE  
----------|--------|---------------------|----------------------------------------------------------------------|--------------------
  :10001  | ALL    | /*                  | chat-go/internal/global/g_middleware.(*sMiddleware).MiddlewareCORS   | GLOBAL MIDDLEWARE  
----------|--------|---------------------|----------------------------------------------------------------------|--------------------
  :10001  | ALL    | /*                  | chat-go/internal/global/g_middleware.(*sMiddleware).ResponseHandler  | GLOBAL MIDDLEWARE  
----------|--------|---------------------|----------------------------------------------------------------------|--------------------
  :10001  | ALL    | /api.json           | github.com/gogf/gf/v2/net/ghttp.(*Server).openapiSpec                |                    
----------|--------|---------------------|----------------------------------------------------------------------|--------------------
  :10001  | ALL    | /swagger/*          | github.com/gogf/gf/v2/net/ghttp.(*Server).swaggerUI                  | HOOK_BEFORE_SERVE  
----------|--------|---------------------|----------------------------------------------------------------------|--------------------
  :10001  | POST   | /user/Login         | chat-go/internal/controller/c_chat_login.(*cChatLogin).Login         |                    
----------|--------|---------------------|----------------------------------------------------------------------|--------------------
  :10001  | GET    | /user/TokenAuthTest | chat-go/internal/controller/c_chat_login.(*cChatLogin).TokenAuthTest |                    
----------|--------|---------------------|----------------------------------------------------------------------|--------------------
  :10001  | ALL    | /version            | chat-go/internal.glob..func1.1.2                                     |                    
----------|--------|---------------------|----------------------------------------------------------------------|--------------------

2023-05-21 16:41:36.418 [DEBU] 定时任务启动中...
2023-05-21 16:41:36.418 [DEBU] 定时任务启动成功
2023-05-21 16:41:45.328 7496: server shutting down by signal: interrupt
2023-05-21 16:41:45.328 [INFO] pid[7496]: all servers shutdown
