2023-05-23 00:38:01.729 [INFO] pid[7851]: http server started listening on [:10001]
2023-05-23 00:38:01.729 [INFO] {503d62b28d84611744c7ee130c2893ef} swagger ui is serving at address: http://127.0.0.1:10001/swagger/
2023-05-23 00:38:01.729 [INFO] {503d62b28d84611744c7ee130c2893ef} openapi specification is serving at address: http://127.0.0.1:10001/api.json

  ADDRESS | METHOD |          ROUTE          |                                  HANDLER                                  |             MIDDLEWARE               
----------|--------|-------------------------|---------------------------------------------------------------------------|--------------------------------------
  :10001  | ALL    | /                       | chat-go/internal/cmd.glob..func1.1.1                                      |                                      
----------|--------|-------------------------|---------------------------------------------------------------------------|--------------------------------------
  :10001  | ALL    | /*                      | github.com/gogf/gf/v2/net/ghttp.internalMiddlewareServerTracing           | GLOBAL MIDDLEWARE                    
----------|--------|-------------------------|---------------------------------------------------------------------------|--------------------------------------
  :10001  | ALL    | /*                      | chat-go/internal/global/g_middleware.(*sMiddleware).MiddlewareCORS        | GLOBAL MIDDLEWARE                    
----------|--------|-------------------------|---------------------------------------------------------------------------|--------------------------------------
  :10001  | ALL    | /*                      | chat-go/internal/global/g_middleware.(*sMiddleware).ResponseHandler       | GLOBAL MIDDLEWARE                    
----------|--------|-------------------------|---------------------------------------------------------------------------|--------------------------------------
  :10001  | ALL    | /api.json               | github.com/gogf/gf/v2/net/ghttp.(*Server).openapiSpec                     |                                      
----------|--------|-------------------------|---------------------------------------------------------------------------|--------------------------------------
  :10001  | POST   | /message/AddMessage     | chat-go/internal/controller/c_chat_message.(*cChatMessage).AddMessage     | g_middleware.(*sMiddleware).JWTAuth  
----------|--------|-------------------------|---------------------------------------------------------------------------|--------------------------------------
  :10001  | GET    | /message/GetMessageById | chat-go/internal/controller/c_chat_message.(*cChatMessage).GetMessageById | g_middleware.(*sMiddleware).JWTAuth  
----------|--------|-------------------------|---------------------------------------------------------------------------|--------------------------------------
  :10001  | ALL    | /swagger/*              | github.com/gogf/gf/v2/net/ghttp.(*Server).swaggerUI                       | HOOK_BEFORE_SERVE                    
----------|--------|-------------------------|---------------------------------------------------------------------------|--------------------------------------
  :10001  | POST   | /user/Login             | chat-go/internal/controller/c_chat_login.(*cChatLogin).Login              |                                      
----------|--------|-------------------------|---------------------------------------------------------------------------|--------------------------------------
  :10001  | GET    | /user/TokenAuthTest     | chat-go/internal/controller/c_chat_login.(*cChatLogin).TokenAuthTest      |                                      
----------|--------|-------------------------|---------------------------------------------------------------------------|--------------------------------------
  :10001  | ALL    | /version                | chat-go/internal/cmd.glob..func1.1.2                                      |                                      
----------|--------|-------------------------|---------------------------------------------------------------------------|--------------------------------------

2023-05-23 00:38:03.713 [DEBU] 定时任务启动中...
2023-05-23 00:38:03.713 [DEBU] 定时任务启动成功
2023-05-23 00:38:14.456 [INFO] JWT验证通过
2023-05-23 00:38:18.712 [INFO] JWT验证通过
2023-05-23 00:38:19.422 [INFO] JWT验证通过
2023-05-23 00:38:20.090 [INFO] JWT验证通过
2023-05-23 00:38:20.823 [INFO] JWT验证通过
2023-05-23 00:38:21.461 [INFO] JWT验证通过
2023-05-23 07:04:23.818 [INFO] {983df68ca3996117732fbd1114d5532e} swagger ui is serving at address: http://127.0.0.1:10001/swagger/
2023-05-23 07:04:23.818 [INFO] pid[14252]: http server started listening on [:10001]
2023-05-23 07:04:23.818 [INFO] {983df68ca3996117732fbd1114d5532e} openapi specification is serving at address: http://127.0.0.1:10001/api.json

  ADDRESS | METHOD |          ROUTE          |                                  HANDLER                                  |             MIDDLEWARE               
----------|--------|-------------------------|---------------------------------------------------------------------------|--------------------------------------
  :10001  | ALL    | /                       | chat-go/internal/cmd.glob..func1.1.1                                      |                                      
----------|--------|-------------------------|---------------------------------------------------------------------------|--------------------------------------
  :10001  | ALL    | /*                      | github.com/gogf/gf/v2/net/ghttp.internalMiddlewareServerTracing           | GLOBAL MIDDLEWARE                    
----------|--------|-------------------------|---------------------------------------------------------------------------|--------------------------------------
  :10001  | ALL    | /*                      | chat-go/internal/global/g_middleware.(*sMiddleware).MiddlewareCORS        | GLOBAL MIDDLEWARE                    
----------|--------|-------------------------|---------------------------------------------------------------------------|--------------------------------------
  :10001  | ALL    | /*                      | chat-go/internal/global/g_middleware.(*sMiddleware).ResponseHandler       | GLOBAL MIDDLEWARE                    
----------|--------|-------------------------|---------------------------------------------------------------------------|--------------------------------------
  :10001  | ALL    | /api.json               | github.com/gogf/gf/v2/net/ghttp.(*Server).openapiSpec                     |                                      
----------|--------|-------------------------|---------------------------------------------------------------------------|--------------------------------------
  :10001  | POST   | /message/AddMessage     | chat-go/internal/controller/c_chat_message.(*cChatMessage).AddMessage     | g_middleware.(*sMiddleware).JWTAuth  
----------|--------|-------------------------|---------------------------------------------------------------------------|--------------------------------------
  :10001  | GET    | /message/GetMessageById | chat-go/internal/controller/c_chat_message.(*cChatMessage).GetMessageById | g_middleware.(*sMiddleware).JWTAuth  
----------|--------|-------------------------|---------------------------------------------------------------------------|--------------------------------------
  :10001  | ALL    | /swagger/*              | github.com/gogf/gf/v2/net/ghttp.(*Server).swaggerUI                       | HOOK_BEFORE_SERVE                    
----------|--------|-------------------------|---------------------------------------------------------------------------|--------------------------------------
  :10001  | POST   | /user/Login             | chat-go/internal/controller/c_chat_login.(*cChatLogin).Login              |                                      
----------|--------|-------------------------|---------------------------------------------------------------------------|--------------------------------------
  :10001  | GET    | /user/TokenAuthTest     | chat-go/internal/controller/c_chat_login.(*cChatLogin).TokenAuthTest      |                                      
----------|--------|-------------------------|---------------------------------------------------------------------------|--------------------------------------
  :10001  | ALL    | /version                | chat-go/internal/cmd.glob..func1.1.2                                      |                                      
----------|--------|-------------------------|---------------------------------------------------------------------------|--------------------------------------

2023-05-23 07:04:25.802 [DEBU] 定时任务启动中...
2023-05-23 07:04:25.803 [DEBU] 定时任务启动成功
2023-05-23 07:04:36.503 [INFO] JWT验证通过
2023-05-23 07:04:36.505 {4021b69da6996117f8df5d5daac03e26} 200 "GET http 127.0.0.1:10001 /message/GetMessageById?id= HTTP/1.1" 0.003, 127.0.0.1, "", "Apifox/1.0.0 (https://apifox.com)", 51, "Validation Failed", "", 请输入 id
2023-05-23 07:04:37.812 [INFO] JWT验证通过
2023-05-23 07:04:37.813 {a0adbceba6996117f9df5d5db65c860d} 200 "GET http 127.0.0.1:10001 /message/GetMessageById?id= HTTP/1.1" 0.002, 127.0.0.1, "", "Apifox/1.0.0 (https://apifox.com)", 51, "Validation Failed", "", 请输入 id
2023-05-23 07:04:38.714 [INFO] JWT验证通过
2023-05-23 07:04:38.714 {58e87f21a7996117fadf5d5da64f1d73} 200 "GET http 127.0.0.1:10001 /message/GetMessageById?id= HTTP/1.1" 0.001, 127.0.0.1, "", "Apifox/1.0.0 (https://apifox.com)", 51, "Validation Failed", "", 请输入 id
2023-05-23 07:04:40.489 [INFO] JWT验证通过
2023-05-23 07:04:40.536 {c8f54c8ba7996117fbdf5d5d627f2f84} 200 "GET http 127.0.0.1:10001 /message/GetMessageById?id=1 HTTP/1.1" 0.048, 127.0.0.1, "", "Apifox/1.0.0 (https://apifox.com)", 400, "cChatMessage AddMessage logic层错误！", "", SELECT `Id`,`Content`,`Read`,`SendId`,`ReceiveId`,`CreateTime`,`ReadTime` FROM `chat_content` WHERE `id`='1' LIMIT 1: Error 1045 (28000): Access denied for user 'chat_im'@'192.168.31.13' (using password: YES)
2023-05-23 07:05:16.342 14252: server shutting down by signal: interrupt
2023-05-23 07:05:16.344 [INFO] pid[14252]: all servers shutdown
2023-05-23 07:05:18.379 [INFO] pid[14318]: http server started listening on [:10001]
2023-05-23 07:05:18.379 [INFO] {68af6146b09961175eb4d136cbbe35ef} swagger ui is serving at address: http://127.0.0.1:10001/swagger/
2023-05-23 07:05:18.379 [INFO] {68af6146b09961175eb4d136cbbe35ef} openapi specification is serving at address: http://127.0.0.1:10001/api.json

  ADDRESS | METHOD |          ROUTE          |                                  HANDLER                                  |             MIDDLEWARE               
----------|--------|-------------------------|---------------------------------------------------------------------------|--------------------------------------
  :10001  | ALL    | /                       | chat-go/internal/cmd.glob..func1.1.1                                      |                                      
----------|--------|-------------------------|---------------------------------------------------------------------------|--------------------------------------
  :10001  | ALL    | /*                      | github.com/gogf/gf/v2/net/ghttp.internalMiddlewareServerTracing           | GLOBAL MIDDLEWARE                    
----------|--------|-------------------------|---------------------------------------------------------------------------|--------------------------------------
  :10001  | ALL    | /*                      | chat-go/internal/global/g_middleware.(*sMiddleware).MiddlewareCORS        | GLOBAL MIDDLEWARE                    
----------|--------|-------------------------|---------------------------------------------------------------------------|--------------------------------------
  :10001  | ALL    | /*                      | chat-go/internal/global/g_middleware.(*sMiddleware).ResponseHandler       | GLOBAL MIDDLEWARE                    
----------|--------|-------------------------|---------------------------------------------------------------------------|--------------------------------------
  :10001  | ALL    | /api.json               | github.com/gogf/gf/v2/net/ghttp.(*Server).openapiSpec                     |                                      
----------|--------|-------------------------|---------------------------------------------------------------------------|--------------------------------------
  :10001  | POST   | /message/AddMessage     | chat-go/internal/controller/c_chat_message.(*cChatMessage).AddMessage     | g_middleware.(*sMiddleware).JWTAuth  
----------|--------|-------------------------|---------------------------------------------------------------------------|--------------------------------------
  :10001  | GET    | /message/GetMessageById | chat-go/internal/controller/c_chat_message.(*cChatMessage).GetMessageById | g_middleware.(*sMiddleware).JWTAuth  
----------|--------|-------------------------|---------------------------------------------------------------------------|--------------------------------------
  :10001  | ALL    | /swagger/*              | github.com/gogf/gf/v2/net/ghttp.(*Server).swaggerUI                       | HOOK_BEFORE_SERVE                    
----------|--------|-------------------------|---------------------------------------------------------------------------|--------------------------------------
  :10001  | POST   | /user/Login             | chat-go/internal/controller/c_chat_login.(*cChatLogin).Login              |                                      
----------|--------|-------------------------|---------------------------------------------------------------------------|--------------------------------------
  :10001  | GET    | /user/TokenAuthTest     | chat-go/internal/controller/c_chat_login.(*cChatLogin).TokenAuthTest      |                                      
----------|--------|-------------------------|---------------------------------------------------------------------------|--------------------------------------
  :10001  | ALL    | /version                | chat-go/internal/cmd.glob..func1.1.2                                      |                                      
----------|--------|-------------------------|---------------------------------------------------------------------------|--------------------------------------

2023-05-23 07:05:20.375 [DEBU] 定时任务启动中...
2023-05-23 07:05:20.375 [DEBU] 定时任务启动成功
2023-05-23 07:05:21.135 [INFO] JWT验证通过
2023-05-23 07:05:22.814 [INFO] JWT验证通过
2023-05-23 07:05:23.619 [INFO] JWT验证通过
2023-05-23 07:05:24.369 [INFO] JWT验证通过
2023-05-23 07:05:29.158 [INFO] JWT验证通过
2023-05-23 07:05:29.845 [INFO] JWT验证通过
2023-05-23 07:05:30.516 [INFO] JWT验证通过
2023-05-23 07:05:31.438 [INFO] JWT验证通过
2023-05-23 07:05:32.112 [INFO] JWT验证通过
2023-05-23 07:05:33.104 [INFO] JWT验证通过
2023-05-23 07:05:33.735 [INFO] JWT验证通过
2023-05-23 07:05:50.939 [INFO] pid[14373]: http server started listening on [:10001]
2023-05-23 07:05:50.939 [INFO] {68af6146b09961175eb4d136cbbe35ef} swagger ui is serving at address: http://127.0.0.1:10001/swagger/
2023-05-23 07:05:50.939 [INFO] {68af6146b09961175eb4d136cbbe35ef} openapi specification is serving at address: http://127.0.0.1:10001/api.json

  ADDRESS | METHOD |          ROUTE          |                                  HANDLER                                  |    MIDDLEWARE      
----------|--------|-------------------------|---------------------------------------------------------------------------|--------------------
  :10001  | ALL    | /                       | chat-go/internal/cmd.glob..func1.1.1                                      |                    
----------|--------|-------------------------|---------------------------------------------------------------------------|--------------------
  :10001  | ALL    | /*                      | github.com/gogf/gf/v2/net/ghttp.internalMiddlewareServerTracing           | GLOBAL MIDDLEWARE  
----------|--------|-------------------------|---------------------------------------------------------------------------|--------------------
  :10001  | ALL    | /*                      | chat-go/internal/global/g_middleware.(*sMiddleware).MiddlewareCORS        | GLOBAL MIDDLEWARE  
----------|--------|-------------------------|---------------------------------------------------------------------------|--------------------
  :10001  | ALL    | /*                      | chat-go/internal/global/g_middleware.(*sMiddleware).ResponseHandler       | GLOBAL MIDDLEWARE  
----------|--------|-------------------------|---------------------------------------------------------------------------|--------------------
  :10001  | ALL    | /api.json               | github.com/gogf/gf/v2/net/ghttp.(*Server).openapiSpec                     |                    
----------|--------|-------------------------|---------------------------------------------------------------------------|--------------------
  :10001  | POST   | /message/AddMessage     | chat-go/internal/controller/c_chat_message.(*cChatMessage).AddMessage     |                    
----------|--------|-------------------------|---------------------------------------------------------------------------|--------------------
  :10001  | GET    | /message/GetMessageById | chat-go/internal/controller/c_chat_message.(*cChatMessage).GetMessageById |                    
----------|--------|-------------------------|---------------------------------------------------------------------------|--------------------
  :10001  | ALL    | /swagger/*              | github.com/gogf/gf/v2/net/ghttp.(*Server).swaggerUI                       | HOOK_BEFORE_SERVE  
----------|--------|-------------------------|---------------------------------------------------------------------------|--------------------
  :10001  | POST   | /user/Login             | chat-go/internal/controller/c_chat_login.(*cChatLogin).Login              |                    
----------|--------|-------------------------|---------------------------------------------------------------------------|--------------------
  :10001  | GET    | /user/TokenAuthTest     | chat-go/internal/controller/c_chat_login.(*cChatLogin).TokenAuthTest      |                    
----------|--------|-------------------------|---------------------------------------------------------------------------|--------------------
  :10001  | ALL    | /version                | chat-go/internal/cmd.glob..func1.1.2                                      |                    
----------|--------|-------------------------|---------------------------------------------------------------------------|--------------------

2023-05-23 07:05:52.923 [DEBU] 定时任务启动中...
2023-05-23 07:05:52.924 [DEBU] 定时任务启动成功
2023-05-23 07:06:46.542 [INFO] pid[14462]: http server started listening on [:10001]
2023-05-23 07:06:46.542 [INFO] {68af6146b09961175eb4d136cbbe35ef} swagger ui is serving at address: http://127.0.0.1:10001/swagger/
2023-05-23 07:06:46.542 [INFO] {68af6146b09961175eb4d136cbbe35ef} openapi specification is serving at address: http://127.0.0.1:10001/api.json

  ADDRESS | METHOD |          ROUTE          |                                  HANDLER                                  |    MIDDLEWARE      
----------|--------|-------------------------|---------------------------------------------------------------------------|--------------------
  :10001  | ALL    | /                       | chat-go/internal/cmd.glob..func1.1.1                                      |                    
----------|--------|-------------------------|---------------------------------------------------------------------------|--------------------
  :10001  | ALL    | /*                      | github.com/gogf/gf/v2/net/ghttp.internalMiddlewareServerTracing           | GLOBAL MIDDLEWARE  
----------|--------|-------------------------|---------------------------------------------------------------------------|--------------------
  :10001  | ALL    | /*                      | chat-go/internal/global/g_middleware.(*sMiddleware).MiddlewareCORS        | GLOBAL MIDDLEWARE  
----------|--------|-------------------------|---------------------------------------------------------------------------|--------------------
  :10001  | ALL    | /*                      | chat-go/internal/global/g_middleware.(*sMiddleware).ResponseHandler       | GLOBAL MIDDLEWARE  
----------|--------|-------------------------|---------------------------------------------------------------------------|--------------------
  :10001  | ALL    | /api.json               | github.com/gogf/gf/v2/net/ghttp.(*Server).openapiSpec                     |                    
----------|--------|-------------------------|---------------------------------------------------------------------------|--------------------
  :10001  | POST   | /message/AddMessage     | chat-go/internal/controller/c_chat_message.(*cChatMessage).AddMessage     |                    
----------|--------|-------------------------|---------------------------------------------------------------------------|--------------------
  :10001  | GET    | /message/GetMessageById | chat-go/internal/controller/c_chat_message.(*cChatMessage).GetMessageById |                    
----------|--------|-------------------------|---------------------------------------------------------------------------|--------------------
  :10001  | ALL    | /swagger/*              | github.com/gogf/gf/v2/net/ghttp.(*Server).swaggerUI                       | HOOK_BEFORE_SERVE  
----------|--------|-------------------------|---------------------------------------------------------------------------|--------------------
  :10001  | POST   | /user/Login             | chat-go/internal/controller/c_chat_login.(*cChatLogin).Login              |                    
----------|--------|-------------------------|---------------------------------------------------------------------------|--------------------
  :10001  | GET    | /user/TokenAuthTest     | chat-go/internal/controller/c_chat_login.(*cChatLogin).TokenAuthTest      |                    
----------|--------|-------------------------|---------------------------------------------------------------------------|--------------------
  :10001  | ALL    | /version                | chat-go/internal/cmd.glob..func1.1.2                                      |                    
----------|--------|-------------------------|---------------------------------------------------------------------------|--------------------

2023-05-23 07:06:48.535 [DEBU] 定时任务启动中...
2023-05-23 07:06:48.535 [DEBU] 定时任务启动成功
2023-05-23 07:08:01.254 [INFO] pid[14523]: http server started listening on [:10001]
2023-05-23 07:08:01.254 [INFO] {68af6146b09961175eb4d136cbbe35ef} swagger ui is serving at address: http://127.0.0.1:10001/swagger/
2023-05-23 07:08:01.255 [INFO] {68af6146b09961175eb4d136cbbe35ef} openapi specification is serving at address: http://127.0.0.1:10001/api.json

  ADDRESS | METHOD |          ROUTE          |                                  HANDLER                                  |    MIDDLEWARE      
----------|--------|-------------------------|---------------------------------------------------------------------------|--------------------
  :10001  | ALL    | /                       | chat-go/internal/cmd.glob..func1.1.1                                      |                    
----------|--------|-------------------------|---------------------------------------------------------------------------|--------------------
  :10001  | ALL    | /*                      | github.com/gogf/gf/v2/net/ghttp.internalMiddlewareServerTracing           | GLOBAL MIDDLEWARE  
----------|--------|-------------------------|---------------------------------------------------------------------------|--------------------
  :10001  | ALL    | /*                      | chat-go/internal/global/g_middleware.(*sMiddleware).MiddlewareCORS        | GLOBAL MIDDLEWARE  
----------|--------|-------------------------|---------------------------------------------------------------------------|--------------------
  :10001  | ALL    | /*                      | chat-go/internal/global/g_middleware.(*sMiddleware).ResponseHandler       | GLOBAL MIDDLEWARE  
----------|--------|-------------------------|---------------------------------------------------------------------------|--------------------
  :10001  | ALL    | /api.json               | github.com/gogf/gf/v2/net/ghttp.(*Server).openapiSpec                     |                    
----------|--------|-------------------------|---------------------------------------------------------------------------|--------------------
  :10001  | POST   | /message/AddMessage     | chat-go/internal/controller/c_chat_message.(*cChatMessage).AddMessage     |                    
----------|--------|-------------------------|---------------------------------------------------------------------------|--------------------
  :10001  | GET    | /message/GetMessageById | chat-go/internal/controller/c_chat_message.(*cChatMessage).GetMessageById |                    
----------|--------|-------------------------|---------------------------------------------------------------------------|--------------------
  :10001  | ALL    | /swagger/*              | github.com/gogf/gf/v2/net/ghttp.(*Server).swaggerUI                       | HOOK_BEFORE_SERVE  
----------|--------|-------------------------|---------------------------------------------------------------------------|--------------------
  :10001  | POST   | /user/Login             | chat-go/internal/controller/c_chat_login.(*cChatLogin).Login              |                    
----------|--------|-------------------------|---------------------------------------------------------------------------|--------------------
  :10001  | GET    | /user/TokenAuthTest     | chat-go/internal/controller/c_chat_login.(*cChatLogin).TokenAuthTest      |                    
----------|--------|-------------------------|---------------------------------------------------------------------------|--------------------
  :10001  | ALL    | /version                | chat-go/internal/cmd.glob..func1.1.2                                      |                    
----------|--------|-------------------------|---------------------------------------------------------------------------|--------------------

2023-05-23 07:08:03.238 [DEBU] 定时任务启动中...
2023-05-23 07:08:03.239 [DEBU] 定时任务启动成功
2023-05-23 07:16:46.097 {90e5727c509a6117e7a35c2644590fbc} 200 "GET http 127.0.0.1:10001 /message/GetMessageById?id= HTTP/1.1" 0.011, 127.0.0.1, "", "Apifox/1.0.0 (https://apifox.com)", 51, "Validation Failed", "", 请输入 id
2023-05-23 07:16:47.594 {408325d6509a6117e8a35c260d076854} 200 "GET http 127.0.0.1:10001 /message/GetMessageById?id= HTTP/1.1" 0.000, 127.0.0.1, "", "Apifox/1.0.0 (https://apifox.com)", 51, "Validation Failed", "", 请输入 id
2023-05-23 07:16:48.364 {80b40804519a6117e9a35c26a6bb87d0} 200 "GET http 127.0.0.1:10001 /message/GetMessageById?id= HTTP/1.1" 0.001, 127.0.0.1, "", "Apifox/1.0.0 (https://apifox.com)", 51, "Validation Failed", "", 请输入 id
2023-05-23 07:16:49.040 {70bf5d2c519a6117eaa35c2684d90daf} 200 "GET http 127.0.0.1:10001 /message/GetMessageById?id= HTTP/1.1" 0.000, 127.0.0.1, "", "Apifox/1.0.0 (https://apifox.com)", 51, "Validation Failed", "", 请输入 id
2023-05-23 07:17:40.959 14523: server shutting down by signal: interrupt
2023-05-23 07:17:40.962 [INFO] pid[14523]: all servers shutdown
2023-05-23 07:19:08.479 [INFO] {e018fe88719a61170c525f5d20fca239} swagger ui is serving at address: http://127.0.0.1:10001/swagger/
2023-05-23 07:19:08.479 [INFO] {e018fe88719a61170c525f5d20fca239} openapi specification is serving at address: http://127.0.0.1:10001/api.json
2023-05-23 07:19:08.479 [INFO] pid[14821]: http server started listening on [:10001]

  ADDRESS | METHOD |          ROUTE          |                                  HANDLER                                  |    MIDDLEWARE      
----------|--------|-------------------------|---------------------------------------------------------------------------|--------------------
  :10001  | ALL    | /                       | chat-go/internal/cmd.glob..func1.1.1                                      |                    
----------|--------|-------------------------|---------------------------------------------------------------------------|--------------------
  :10001  | ALL    | /*                      | github.com/gogf/gf/v2/net/ghttp.internalMiddlewareServerTracing           | GLOBAL MIDDLEWARE  
----------|--------|-------------------------|---------------------------------------------------------------------------|--------------------
  :10001  | ALL    | /*                      | chat-go/internal/global/g_middleware.(*sMiddleware).MiddlewareCORS        | GLOBAL MIDDLEWARE  
----------|--------|-------------------------|---------------------------------------------------------------------------|--------------------
  :10001  | ALL    | /*                      | chat-go/internal/global/g_middleware.(*sMiddleware).ResponseHandler       | GLOBAL MIDDLEWARE  
----------|--------|-------------------------|---------------------------------------------------------------------------|--------------------
  :10001  | ALL    | /api.json               | github.com/gogf/gf/v2/net/ghttp.(*Server).openapiSpec                     |                    
----------|--------|-------------------------|---------------------------------------------------------------------------|--------------------
  :10001  | POST   | /message/AddMessage     | chat-go/internal/controller/c_chat_message.(*cChatMessage).AddMessage     |                    
----------|--------|-------------------------|---------------------------------------------------------------------------|--------------------
  :10001  | GET    | /message/GetMessageById | chat-go/internal/controller/c_chat_message.(*cChatMessage).GetMessageById |                    
----------|--------|-------------------------|---------------------------------------------------------------------------|--------------------
  :10001  | ALL    | /swagger/*              | github.com/gogf/gf/v2/net/ghttp.(*Server).swaggerUI                       | HOOK_BEFORE_SERVE  
----------|--------|-------------------------|---------------------------------------------------------------------------|--------------------
  :10001  | POST   | /user/Login             | chat-go/internal/controller/c_chat_login.(*cChatLogin).Login              |                    
----------|--------|-------------------------|---------------------------------------------------------------------------|--------------------
  :10001  | GET    | /user/TokenAuthTest     | chat-go/internal/controller/c_chat_login.(*cChatLogin).TokenAuthTest      |                    
----------|--------|-------------------------|---------------------------------------------------------------------------|--------------------
  :10001  | ALL    | /version                | chat-go/internal/cmd.glob..func1.1.2                                      |                    
----------|--------|-------------------------|---------------------------------------------------------------------------|--------------------

2023-05-23 07:19:10.470 [DEBU] 定时任务启动中...
2023-05-23 07:19:10.470 [DEBU] 定时任务启动成功
